<?xml version="1.0" encoding="UTF-8"?>
<!-- Generated by org.testng.reporters.JUnitReportReporter -->
<testsuite hostname="ASUS-PC" failures="0" tests="2" name="com.lms.test.restapi18.PutRequestLMSAPI" time="4.721" errors="0" timestamp="07 Dec 2021 18:39:48 GMT" skipped="0">
  <testcase classname="com.lms.test.restapi18.PutRequestLMSAPI" name="HashMap_Data_Driven_Excel_testPutspecificPrograms" time="0.716"/>
  <testcase classname="com.lms.test.restapi18.PutRequestLMSAPI" name="HardCoded_TestPutspecificPrograms" time="4.005"/>
</testsuite> <!-- com.lms.test.restapi18.PutRequestLMSAPI -->
