<?xml version="1.0" encoding="UTF-8"?>
<!-- Generated by org.testng.reporters.JUnitReportReporter -->
<testsuite hostname="ASUS-PC" failures="0" tests="1" name="com.lms.test.restapi18.RestAssuredRequests" time="7.429" errors="0" timestamp="30 Nov 2021 19:12:43 GMT" skipped="0">
  <testcase classname="com.lms.test.restapi18.RestAssuredRequests" name="getRequest" time="7.429"/>
</testsuite> <!-- com.lms.test.restapi18.RestAssuredRequests -->
