<?xml version="1.0" encoding="UTF-8"?>
<!-- Generated by org.testng.reporters.JUnitReportReporter -->
<testsuite hostname="ASUS-PC" failures="0" tests="2" name="com.lms.test.restapi18.GETAPITrial_All4Parameters" time="3.914" errors="0" timestamp="04 Dec 2021 03:07:21 GMT" skipped="0">
  <testcase classname="com.lms.test.restapi18.GETAPITrial_All4Parameters" name="testPostspecificPrograms" time="0.528"/>
  <testcase classname="com.lms.test.restapi18.GETAPITrial_All4Parameters" name="testPostspecificPrograms" time="3.386"/>
</testsuite> <!-- com.lms.test.restapi18.GETAPITrial_All4Parameters -->
