<?xml version="1.0" encoding="UTF-8"?>
<!-- Generated by org.testng.reporters.JUnitReportReporter -->
<testsuite hostname="ASUS-PC" failures="0" tests="4" name="com.lms.test.restapi18.SimpleGetTest" time="5.646" errors="0" timestamp="05 Dec 2021 17:45:59 GMT" skipped="0">
  <testcase classname="com.lms.test.restapi18.SimpleGetTest" name="ValidateStatusCodeforSpecificProgramIDHardCoded" time="3.356"/>
  <testcase classname="com.lms.test.restapi18.SimpleGetTest" name="testFindProgram" time="0.509"/>
  <testcase classname="com.lms.test.restapi18.SimpleGetTest" name="ValidateStatusCode" time="0.940"/>
  <testcase classname="com.lms.test.restapi18.SimpleGetTest" name="GetAllProgramDetails" time="0.841"/>
</testsuite> <!-- com.lms.test.restapi18.SimpleGetTest -->
