<?xml version="1.0" encoding="UTF-8"?>
<!-- Generated by org.testng.reporters.JUnitReportReporter -->
<testsuite hostname="ASUS-PC" failures="0" tests="5" name="com.lms.test.restapi18.PostRequestLMSAPI" time="6.910" errors="0" timestamp="07 Dec 2021 16:49:37 GMT" skipped="0">
  <testcase classname="com.lms.test.restapi18.PostRequestLMSAPI" name="HashMap_Data_Driven_Excel_testPostspecificPrograms" time="0.188"/>
  <testcase classname="com.lms.test.restapi18.PostRequestLMSAPI" name="HardCoded_TestPostspecificPrograms" time="6.049"/>
  <testcase classname="com.lms.test.restapi18.PostRequestLMSAPI" name="HashMap_Data_Driven_Excel_testPostspecificPrograms" time="0.260"/>
  <testcase classname="com.lms.test.restapi18.PostRequestLMSAPI" name="HashMap_Data_Driven_Excel_testPostspecificPrograms" time="0.205"/>
  <testcase classname="com.lms.test.restapi18.PostRequestLMSAPI" name="HashMap_Data_Driven_Excel_testPostspecificPrograms" time="0.208"/>
</testsuite> <!-- com.lms.test.restapi18.PostRequestLMSAPI -->
