<?xml version="1.0" encoding="UTF-8"?>
<!-- Generated by org.testng.reporters.JUnitReportReporter -->
<testsuite hostname="ASUS-PC" failures="0" tests="1" name="com.lms.test.restapi18.ProgramServiceGetAPI18" time="5.223" errors="0" timestamp="05 Dec 2021 16:52:02 GMT" skipped="0">
  <testcase classname="com.lms.test.restapi18.ProgramServiceGetAPI18" name="testGetAllPrograms" time="5.223"/>
</testsuite> <!-- com.lms.test.restapi18.ProgramServiceGetAPI18 -->
