<?xml version="1.0" encoding="UTF-8"?>
<!-- Generated by org.testng.reporters.JUnitReportReporter -->
<testsuite hostname="ASUS-PC" failures="0" tests="5" name="com.lms.test.restapi18.CallingExcel_Trial_for_Single_Array" time="51.075" errors="0" timestamp="05 Dec 2021 16:30:04 GMT" skipped="0">
  <testcase classname="com.lms.test.restapi18.CallingExcel_Trial_for_Single_Array" name="testPostspecificPrograms" time="29.710"/>
  <testcase classname="com.lms.test.restapi18.CallingExcel_Trial_for_Single_Array" name="testFindProgram" time="20.379"/>
  <testcase classname="com.lms.test.restapi18.CallingExcel_Trial_for_Single_Array" name="testPostspecificPrograms" time="0.646"/>
  <testcase classname="com.lms.test.restapi18.CallingExcel_Trial_for_Single_Array" name="testPostspecificPrograms" time="0.175"/>
  <testcase classname="com.lms.test.restapi18.CallingExcel_Trial_for_Single_Array" name="testPostspecificPrograms" time="0.165"/>
</testsuite> <!-- com.lms.test.restapi18.CallingExcel_Trial_for_Single_Array -->
